[2025-12-19 00:07:43,140.140] INFO     [MainThread|MainProcess] Adapter (adapter.py:cleanup:208) | NapCat WebSocket 连接已关闭
[2025-12-19 00:07:43,156.156] INFO     [MainThread|MainProcess] ncatbot.plugin_system (ncatbot_plugin.py:on_close:20) | 插件 SystemManager 卸载成功
[2025-12-19 00:07:43,159.159] INFO     [MainThread|MainProcess] ncatbot.plugin_system (ncatbot_plugin.py:on_close:20) | 插件 UnifiedRegistryPlugin 卸载成功
[2025-12-19 00:07:43,171.171] INFO     [MainThread|MainProcess] Client (client.py:bot_exit:316) | Bot 已经正常退出
[2025-12-19 00:42:24,150.150] INFO     [MainThread|MainProcess] Config (config.py:validate_config:401) | [BOTQQ]: 201382404 | [WSURI]: ws://localhost:3002 | [WS_TOKEN]: myj123 | [ROOT]: 2812656625 | [WEBUI]: http://localhost:6099 | [WEBUI_TOKEN]: napcat
[2025-12-19 00:42:26,015.015] INFO     [MainThread|MainProcess] Config (config.py:_security_check:226) | 已生成强密码: 0@gyf@@:3m+10_P]
[2025-12-19 00:42:26,018.018] INFO     [MainThread|MainProcess] Config (config.py:save:110) | 配置已保存到 /home/shengge/Agent-Penguin/ncatbot/config.yaml
[2025-12-19 00:42:26,121.121] INFO     [Thread-2 (runner)|MainProcess] PluginLoader (loader.py:load_builtin_plugins:280) | 已加载内置插件数 [2]
[2025-12-19 00:42:26,121.121] INFO     [Thread-2 (runner)|MainProcess] PluginLoader (loader.py:load_plugins:294) | 从 /home/shengge/Agent-Penguin/ncatbot/plugins 导入插件
[2025-12-19 00:42:26,122.122] INFO     [Thread-2 (runner)|MainProcess] PluginLoader (loader.py:load_plugins:306) | 已加载插件数 [2]
[2025-12-19 00:42:26,123.123] INFO     [MainThread|MainProcess] ncatbot.core.adapter.nc.launch (launch.py:launch_napcat_service:110) | 正在以本地模式运行, 检查中...
[2025-12-19 00:42:26,213.213] INFO     [MainThread|MainProcess] ncatbot.core.adapter.nc.launch (launch.py:check_napcat_service_remote:73) | napcat 服务器 ws://localhost:3002 在线, 正在检查账号状态...
[2025-12-19 00:43:56,456.456] ERROR    [MainThread|MainProcess] ncatbot.core.adapter.nc.login (login.py:__init__:99) | 授权操作超时, 连接 WebUI 成功但无法获取授权信息, 可以使用 bot.run(enable_webui_interaction=False) 跳过鉴权
[2025-12-19 00:43:56,456.456] INFO     [MainThread|MainProcess] ncatbot.core.adapter.nc.login (login.py:__init__:102) | 建议更新到最新版本 NapCat
[2025-12-19 00:43:56,458.458] INFO     [MainThread|MainProcess] ncatbot.core.adapter.nc.login (login.py:__init__:103) | Traceback (most recent call last):
  File "/root/.ncatbot/lib/python3.10/site-packages/ncatbot/core/adapter/nc/login.py", line 70, in __init__
    "Authorization": "Bearer " + content["data"]["Credential"],
KeyError: 'data'

During handling of the above exception, another exception occurred:

Traceback (most recent call last):
  File "/root/.ncatbot/lib/python3.10/site-packages/ncatbot/core/adapter/nc/login.py", line 94, in __init__
    "Authorization": "Bearer " + content["data"]["Credential"],
KeyError: 'data'

[2025-12-19 00:44:07,868.868] INFO     [MainThread|MainProcess] Config (config.py:validate_config:401) | [BOTQQ]: 201382404 | [WSURI]: ws://localhost:3002 | [WS_TOKEN]: myj123 | [ROOT]: 2812656625 | [WEBUI]: http://localhost:6099 | [WEBUI_TOKEN]: napcat
[2025-12-19 00:44:09,490.490] INFO     [MainThread|MainProcess] Config (config.py:_security_check:226) | 已生成强密码: Nbw|Y*Bi?|$5D?N?
[2025-12-19 00:44:09,493.493] INFO     [MainThread|MainProcess] Config (config.py:save:110) | 配置已保存到 /home/shengge/Agent-Penguin/ncatbot/config.yaml
[2025-12-19 00:44:09,548.548] INFO     [Thread-2 (runner)|MainProcess] PluginLoader (loader.py:load_builtin_plugins:280) | 已加载内置插件数 [2]
[2025-12-19 00:44:09,548.548] INFO     [Thread-2 (runner)|MainProcess] PluginLoader (loader.py:load_plugins:294) | 从 /home/shengge/Agent-Penguin/ncatbot/plugins 导入插件
[2025-12-19 00:44:09,549.549] INFO     [Thread-2 (runner)|MainProcess] PluginLoader (loader.py:load_plugins:306) | 已加载插件数 [2]
[2025-12-19 00:44:09,549.549] INFO     [MainThread|MainProcess] ncatbot.core.adapter.nc.launch (launch.py:launch_napcat_service:110) | 正在以本地模式运行, 检查中...
[2025-12-19 00:44:09,566.566] INFO     [MainThread|MainProcess] ncatbot.core.adapter.nc.launch (launch.py:check_napcat_service_remote:73) | napcat 服务器 ws://localhost:3002 在线, 正在检查账号状态...
[2025-12-19 00:44:11,339.339] INFO     [MainThread|MainProcess] ncatbot.plugin_system (ncatbot_plugin.py:on_close:20) | 插件 SystemManager 卸载成功
[2025-12-19 00:44:11,340.340] INFO     [MainThread|MainProcess] ncatbot.plugin_system (ncatbot_plugin.py:on_close:20) | 插件 UnifiedRegistryPlugin 卸载成功
[2025-12-19 00:44:11,346.346] INFO     [MainThread|MainProcess] Client (client.py:bot_exit:316) | Bot 已经正常退出
[2025-12-19 00:44:19,817.817] INFO     [MainThread|MainProcess] Config (config.py:validate_config:401) | [BOTQQ]: 201382404 | [WSURI]: ws://localhost:3002 | [WS_TOKEN]: myj123 | [ROOT]: 2812656625 | [WEBUI]: http://localhost:6099 | [WEBUI_TOKEN]: napcat
[2025-12-19 00:44:21,221.221] INFO     [MainThread|MainProcess] Config (config.py:_security_check:226) | 已生成强密码: 34:@*xVopuGdty]G
[2025-12-19 00:44:21,223.223] INFO     [MainThread|MainProcess] Config (config.py:save:110) | 配置已保存到 /home/shengge/Agent-Penguin/ncatbot/config.yaml
[2025-12-19 00:44:21,284.284] INFO     [Thread-2 (runner)|MainProcess] PluginLoader (loader.py:load_builtin_plugins:280) | 已加载内置插件数 [2]
[2025-12-19 00:44:21,284.284] INFO     [Thread-2 (runner)|MainProcess] PluginLoader (loader.py:load_plugins:294) | 从 /home/shengge/Agent-Penguin/ncatbot/plugins 导入插件
[2025-12-19 00:44:21,285.285] INFO     [Thread-2 (runner)|MainProcess] PluginLoader (loader.py:load_plugins:306) | 已加载插件数 [2]
[2025-12-19 00:44:21,285.285] INFO     [MainThread|MainProcess] ncatbot.core.adapter.nc.launch (launch.py:launch_napcat_service:110) | 正在以本地模式运行, 检查中...
[2025-12-19 00:44:21,292.292] WARNING  [Thread-4 (runner)|MainProcess] ncatbot.core.adapter.nc.launch (launch.py:test_websocket:47) | 测试 websocket 连接失败: [Errno 111] Connect call failed ('127.0.0.1', 3002)
[2025-12-19 00:44:21,296.296] WARNING  [MainThread|MainProcess] ncatbot.core.adapter.nc.config (config.py:config_webui:135) | WebUI 令牌不匹配, 将修改为 NcatBot 配置的令牌: 34:@*xVopuGdty]G
[2025-12-19 00:44:21,343.343] INFO     [MainThread|MainProcess] adapter.nc.start (start.py:start_napcat_linux:39) | 正在启动 NapCat 服务
[2025-12-19 00:44:22,986.986] INFO     [MainThread|MainProcess] adapter.nc.start (start.py:start_napcat_linux:68) | napcat 启动成功
[2025-12-19 00:44:25,727.727] INFO     [MainThread|MainProcess] ncatbot.core.adapter.nc.launch (launch.py:launch_napcat_service:130) | 快速登录成功, 跳过登录引导
[2025-12-19 00:44:25,732.732] INFO     [MainThread|MainProcess] Adapter (adapter.py:connect_websocket:92) | NapCat WebSocket 连接成功
[2025-12-19 00:44:25,733.733] INFO     [asyncio_0|MainProcess] Client (client.py:<lambda>:115) | Bot 201382404 启动成功
[2025-12-19 00:44:34,306.306] INFO     [MainThread|MainProcess] ncatbot.plugin_system.builtin_plugin.unified_registry.plugin (plugin.py:initialize_if_needed:182) | 命令前缀集合: ['/', '!']
[2025-12-19 00:44:44,913.913] WARNING  [MainThread|MainProcess] MessageSegment (message_segment.py:_get_final_path:254) | 文件已存在: /home/shengge/Agent-Penguin/ncatbot/data/882101B387043F66099D924BCD268764.png, 将保存为 /home/shengge/Agent-Penguin/ncatbot/data/1766076284.9138355-882101B387043F66099D924BCD268764.png
[2025-12-19 00:44:45,159.159] INFO     [MainThread|MainProcess] httpx (_client.py:_send_single_request:1740) | HTTP Request: GET https://multimedia.nt.qq.com.cn/download?appid=1407&fileid=EhTogFK6teK3OT9DpsQcs4RyWz364BiZ8wgg_woo2qLH7MrHkQMyBHByb2RQgL2jAVoQJXuiDCGo6syLQNT-sx661HoCw_qCAQJneg&rkey=CAMSMJEvGUMIhfyPNV-JjKOpFP3G8oaZ7gHovl4p7kaT64me-OfWdQAD7D8VkacoOkmPjA "HTTP/1.1 200 OK"
[2025-12-19 00:45:17,894.894] WARNING  [MainThread|MainProcess] MessageSegment (message_segment.py:_get_final_path:254) | 文件已存在: /home/shengge/Agent-Penguin/ncatbot/data/test.docx, 将保存为 /home/shengge/Agent-Penguin/ncatbot/data/1766076317.89403-test.docx
[2025-12-19 00:45:18,290.290] INFO     [MainThread|MainProcess] httpx (_client.py:_send_single_request:1740) | HTTP Request: GET https://gzc-download.ftn.qq.com/ftn_handler/da298a7f656a310fdb3193ed2dd775388051559b2951b628b689094ba6cfc4c1005f14a3d3db808d0295e69b69decd282fc51667eeef78da672019abe04f295f/?fname= "HTTP/1.1 200 OK"
[2025-12-19 00:45:58,389.389] INFO     [MainThread|MainProcess] Adapter (adapter.py:cleanup:208) | NapCat WebSocket 连接已关闭
[2025-12-19 00:45:58,391.391] INFO     [MainThread|MainProcess] ncatbot.plugin_system (ncatbot_plugin.py:on_close:20) | 插件 SystemManager 卸载成功
[2025-12-19 00:45:58,392.392] INFO     [MainThread|MainProcess] ncatbot.plugin_system (ncatbot_plugin.py:on_close:20) | 插件 UnifiedRegistryPlugin 卸载成功
[2025-12-19 00:45:58,394.394] INFO     [MainThread|MainProcess] Client (client.py:bot_exit:316) | Bot 已经正常退出
